c[?7l[2J[0mSeaBIOS (version 1.15.0-1)


iPXE (https://ipxe.org) 00:03.0 CA00 PCI2.10 PnP PMM+7FF8B340+7FECB340 CA00
Press Ctrl-B to configure iPXE (PCI 00:03.0)...                                                                               


Booting from ROM...
c[?7l[2JNo EFI environment detected.
early console in extract_kernel
input_data: 0x0000000004c7e3a8
input_len: 0x0000000001a9efc0
output: 0x0000000001000000
output_len: 0x00000000056a55d4
kernel_total_size: 0x0000000005230000
needed_size: 0x0000000005800000
trampoline_32bit: 0x000000000009d000
Physical KASLR using RDTSC...
Virtual KASLR using RDTSC...

Decompressing Linux... Parsing ELF... Performing relocations... done.
Booting the kernel.
[    0.000000] Linux version 6.2.0 (bigdata@bigdata) (gcc (Ubuntu 11.4.0-1ubuntu1~22.04) 11.4.0, GNU ld (GNU Binutils for Ubuntu) 2.38) #1 SMP PREEMPT_DYNAMIC Tue Apr  8 19:50:39 CST 2025
[    0.000000] Command line: console=ttyS0 root=/dev/sda earlyprintk=serial net.ifnames=0
[    0.000000] x86/fpu: x87 FPU will use FXSAVE
[    0.000000] signal: max sigframe size: 1440
[    0.000000] BIOS-provided physical RAM map:
[    0.000000] BIOS-e820: [mem 0x0000000000000000-0x000000000009fbff] usable
[    0.000000] BIOS-e820: [mem 0x000000000009fc00-0x000000000009ffff] reserved
[    0.000000] BIOS-e820: [mem 0x00000000000f0000-0x00000000000fffff] reserved
[    0.000000] BIOS-e820: [mem 0x0000000000100000-0x000000007ffdffff] usable
[    0.000000] BIOS-e820: [mem 0x000000007ffe0000-0x000000007fffffff] reserved
[    0.000000] BIOS-e820: [mem 0x00000000fffc0000-0x00000000ffffffff] reserved
[    0.000000] printk: bootconsole [earlyser0] enabled
[    0.000000] NX (Execute Disable) protection: active
[    0.000000] SMBIOS 2.8 present.
[    0.000000] DMI: QEMU Standard PC (i440FX + PIIX, 1996), BIOS 1.15.0-1 04/01/2014
[    0.000000] tsc: Fast TSC calibration using PIT
[    0.000000] tsc: Detected 2095.063 MHz processor
[    0.059192] last_pfn = 0x7ffe0 max_arch_pfn = 0x400000000
[    0.060962] x86/PAT: Configuration [0-7]: WB  WC  UC- UC  WB  WP  UC- WT  
[    0.096100] found SMP MP-table at [mem 0x000f5ba0-0x000f5baf]
[    0.112912] ACPI: Early table checksum verification disabled
[    0.114412] ACPI: RSDP 0x00000000000F59E0 000014 (v00 BOCHS )
[    0.115443] ACPI: RSDT 0x000000007FFE1960 000034 (v01 BOCHS  BXPC     00000001 BXPC 00000001)
[    0.117799] ACPI: FACP 0x000000007FFE180C 000074 (v01 BOCHS  BXPC     00000001 BXPC 00000001)
[    0.120293] ACPI: DSDT 0x000000007FFE0040 0017CC (v01 BOCHS  BXPC     00000001 BXPC 00000001)
[    0.121075] ACPI: FACS 0x000000007FFE0000 000040
[    0.121563] ACPI: APIC 0x000000007FFE1880 000080 (v01 BOCHS  BXPC     00000001 BXPC 00000001)
[    0.122075] ACPI: HPET 0x000000007FFE1900 000038 (v01 BOCHS  BXPC     00000001 BXPC 00000001)
[    0.122579] ACPI: WAET 0x000000007FFE1938 000028 (v01 BOCHS  BXPC     00000001 BXPC 00000001)
[    0.123197] ACPI: Reserving FACP table memory at [mem 0x7ffe180c-0x7ffe187f]
[    0.123545] ACPI: Reserving DSDT table memory at [mem 0x7ffe0040-0x7ffe180b]
[    0.123789] ACPI: Reserving FACS table memory at [mem 0x7ffe0000-0x7ffe003f]
[    0.124060] ACPI: Reserving APIC table memory at [mem 0x7ffe1880-0x7ffe18ff]
[    0.124297] ACPI: Reserving HPET table memory at [mem 0x7ffe1900-0x7ffe1937]
[    0.124532] ACPI: Reserving WAET table memory at [mem 0x7ffe1938-0x7ffe195f]
[    0.133468] No NUMA configuration found
[    0.133702] Faking a node at [mem 0x0000000000000000-0x000000007ffdffff]
[    0.135705] NODE_DATA(0) allocated [mem 0x7ffdc000-0x7ffdffff]
[    0.140471] Zone ranges:
[    0.140668]   DMA      [mem 0x0000000000001000-0x0000000000ffffff]
[    0.141179]   DMA32    [mem 0x0000000001000000-0x000000007ffdffff]
[    0.141505]   Normal   empty
[    0.141732] Movable zone start for each node
[    0.141938] Early memory node ranges
[    0.142116]   node   0: [mem 0x0000000000001000-0x000000000009efff]
[    0.142588]   node   0: [mem 0x0000000000100000-0x000000007ffdffff]
[    0.143339] Initmem setup node 0 [mem 0x0000000000001000-0x000000007ffdffff]
[    0.145887] On node 0, zone DMA: 1 pages in unavailable ranges
[    0.147488] On node 0, zone DMA: 97 pages in unavailable ranges
[    0.282430] On node 0, zone DMA32: 32 pages in unavailable ranges
[    0.437946] kasan: KernelAddressSanitizer initialized
[    0.439228] ACPI: PM-Timer IO Port: 0x608
[    0.441071] ACPI: LAPIC_NMI (acpi_id[0xff] dfl dfl lint[0x1])
[    0.442603] IOAPIC[0]: apic_id 0, version 32, address 0xfec00000, GSI 0-23
[    0.443415] ACPI: INT_SRC_OVR (bus 0 bus_irq 0 global_irq 2 dfl dfl)
[    0.444522] ACPI: INT_SRC_OVR (bus 0 bus_irq 5 global_irq 5 high level)
[    0.444843] ACPI: INT_SRC_OVR (bus 0 bus_irq 9 global_irq 9 high level)
[    0.445345] ACPI: INT_SRC_OVR (bus 0 bus_irq 10 global_irq 10 high level)
[    0.445605] ACPI: INT_SRC_OVR (bus 0 bus_irq 11 global_irq 11 high level)
[    0.446591] ACPI: Using ACPI (MADT) for SMP configuration information
[    0.447107] ACPI: HPET id: 0x8086a201 base: 0xfed00000
[    0.448427] smpboot: Allowing 2 CPUs, 0 hotplug CPUs
[    0.451056] PM: hibernation: Registered nosave memory: [mem 0x00000000-0x00000fff]
[    0.451487] PM: hibernation: Registered nosave memory: [mem 0x0009f000-0x0009ffff]
[    0.451810] PM: hibernation: Registered nosave memory: [mem 0x000a0000-0x000effff]
[    0.452060] PM: hibernation: Registered nosave memory: [mem 0x000f0000-0x000fffff]
[    0.452549] [mem 0x80000000-0xfffbffff] available for PCI devices
[    0.452816] Booting paravirtualized kernel on bare hardware
[    0.453822] clocksource: refined-jiffies: mask: 0xffffffff max_cycles: 0xffffffff, max_idle_ns: 1910969940391419 ns
[    0.508280] setup_percpu: NR_CPUS:64 nr_cpumask_bits:2 nr_cpu_ids:2 nr_node_ids:1
[    0.512848] percpu: Embedded 66 pages/cpu s230824 r8192 d31320 u1048576
[    0.520505] Fallback order for Node 0: 0 
[    0.521373] Built 1 zonelists, mobility grouping on.  Total pages: 515808
[    0.521750] Policy zone: DMA32
[    0.522280] Kernel command line: net.ifnames=0 console=ttyS0 root=/dev/sda earlyprintk=serial net.ifnames=0
[    0.526856] Dentry cache hash table entries: 262144 (order: 9, 2097152 bytes, linear)
[    0.528184] Inode-cache hash table entries: 131072 (order: 8, 1048576 bytes, linear)
[    0.536080] mem auto-init: stack:off, heap alloc:off, heap free:off
[    0.540740] stackdepot hash table entries: 1048576 (order: 11, 8388608 bytes, linear)
[    0.775492] Memory: 1694276K/2096632K available (49152K kernel code, 7836K rwdata, 9940K rodata, 7620K init, 1368K bss, 402100K reserved, 0K cma-reserved)
[    0.787204] SLUB: HWalign=64, Order=0-3, MinObjects=0, CPUs=2, Nodes=1
Poking KASLR using RDTSC...
[    0.818841] Dynamic Preempt: voluntary
[    0.828751] rcu: Preemptible hierarchical RCU implementation.
[    0.828999] rcu: 	RCU event tracing is enabled.
[    0.829229] rcu: 	RCU restricting CPUs from NR_CPUS=64 to nr_cpu_ids=2.
[    0.829680] 	Trampoline variant of Tasks RCU enabled.
[    0.830092] rcu: RCU calculated value of scheduler-enlistment delay is 100 jiffies.
[    0.830435] rcu: Adjusting geometry for rcu_fanout_leaf=16, nr_cpu_ids=2
[    0.979104] NR_IRQS: 4352, nr_irqs: 440, preallocated irqs: 16
[    0.992109] rcu: srcu_init: Setting srcu_struct sizes based on contention.
[    1.008521] Console: colour VGA+ 80x25
[    1.013563] printk: console [ttyS0] enabled
[    1.013563] printk: console [ttyS0] enabled
[    1.014847] printk: bootconsole [earlyser0] disabled
[    1.014847] printk: bootconsole [earlyser0] disabled
[    1.018491] ACPI: Core revision 20221020
[    1.035786] clocksource: hpet: mask: 0xffffffff max_cycles: 0xffffffff, max_idle_ns: 19112604467 ns
[    1.051199] APIC: Switch to symmetric I/O mode setup
[    1.063046] ..TIMER: vector=0x30 apic1=0 pin1=2 apic2=-1 pin2=-1
[    1.070336] tsc: Marking TSC unstable due to TSCs unsynchronized
[    1.072542] Calibrating delay loop (skipped), value calculated using timer frequency.. 4190.12 BogoMIPS (lpj=2095063)
[    1.073190] pid_max: default: 32768 minimum: 301
[    1.077783] LSM: initializing lsm=capability,integrity,selinux
[    1.079498] SELinux:  Initializing.
[    1.085553] Mount-cache hash table entries: 4096 (order: 3, 32768 bytes, linear)
[    1.086055] Mountpoint-cache hash table entries: 4096 (order: 3, 32768 bytes, linear)
[    1.151414] process: using AMD E400 aware idle routine
[    1.152220] Last level iTLB entries: 4KB 512, 2MB 255, 4MB 127
[    1.152515] Last level dTLB entries: 4KB 512, 2MB 255, 4MB 127, 1GB 0
[    1.153456] Spectre V1 : Mitigation: usercopy/swapgs barriers and __user pointer sanitization
[    1.154249] Spectre V2 : Mitigation: Retpolines
[    1.154523] Spectre V2 : Spectre v2 / SpectreRSB mitigation: Filling RSB on context switch
[    1.154838] Spectre V2 : Spectre v2 / SpectreRSB : Filling RSB on VMEXIT
[    1.616305] Freeing SMP alternatives memory: 44K
[    1.755998] smpboot: CPU0: AMD QEMU Virtual CPU version 2.5+ (family: 0xf, model: 0x6b, stepping: 0x1)
[    1.773622] cblist_init_generic: Setting adjustable number of callback queues.
[    1.774047] cblist_init_generic: Setting shift to 1 and lim to 1.
[    1.775865] Performance Events: PMU not available due to virtualization, using software events only.
[    1.782306] rcu: Hierarchical SRCU implementation.
[    1.782587] rcu: 	Max phase no-delay instances is 400.
[    1.807060] smp: Bringing up secondary CPUs ...
[    1.817865] x86: Booting SMP configuration:
[    1.818175] .... node  #0, CPUs:      #1
[    1.905060] smp: Brought up 1 node, 2 CPUs
[    1.905700] smpboot: Max logical packages: 1
[    1.906201] smpboot: Total of 2 processors activated (8380.94 BogoMIPS)
[    1.953071] devtmpfs: initialized
[    2.035375] clocksource: jiffies: mask: 0xffffffff max_cycles: 0xffffffff, max_idle_ns: 1911260446275000 ns
[    2.036232] futex hash table entries: 512 (order: 3, 32768 bytes, linear)
[    2.048288] PM: RTC time: 06:47:30, date: 2025-04-09
[    2.067169] NET: Registered PF_NETLINK/PF_ROUTE protocol family
[    2.085316] audit: initializing netlink subsys (disabled)
[    2.091097] audit: type=2000 audit(1744181249.039:1): state=initialized audit_enabled=0 res=1
[    2.109911] thermal_sys: Registered thermal governor 'step_wise'
[    2.110144] thermal_sys: Registered thermal governor 'user_space'
[    2.115260] cpuidle: using governor menu
[    2.129574] PCI: Using configuration type 1 for base access
[    2.141190] mtrr: your CPUs had inconsistent fixed MTRR settings
[    2.141510] mtrr: your CPUs had inconsistent variable MTRR settings
[    2.141743] mtrr: your CPUs had inconsistent MTRRdefType settings
[    2.141952] mtrr: probably your BIOS does not setup all CPUs.
[    2.142206] mtrr: corrected configuration.
[    2.150763] kprobes: kprobe jump-optimization is enabled. All kprobes are optimized if possible.
[    2.163239] HugeTLB: registered 2.00 MiB page size, pre-allocated 0 pages
[    2.163580] HugeTLB: 28 KiB vmemmap can be freed for a 2.00 MiB page
[    2.192807] ACPI: Added _OSI(Module Device)
[    2.193131] ACPI: Added _OSI(Processor Device)
[    2.193387] ACPI: Added _OSI(3.0 _SCP Extensions)
[    2.193597] ACPI: Added _OSI(Processor Aggregator Device)
[    2.556706] ACPI: 1 ACPI AML tables successfully acquired and loaded
[   11.596167] ACPI: Interpreter enabled
[   11.600932] ACPI: PM: (supports S0 S3 S4 S5)
[   11.601319] ACPI: Using IOAPIC for interrupt routing
[   11.603415] PCI: Using host bridge windows from ACPI; if necessary, use "pci=nocrs" and report a bug
[   11.603787] PCI: Using E820 reservations for host bridge windows
[   11.620998] ACPI: Enabled 2 GPEs in block 00 to 0F
[   12.142878] ACPI: PCI Root Bridge [PCI0] (domain 0000 [bus 00-ff])
[   12.145592] acpi PNP0A03:00: _OSC: OS supports [ASPM ClockPM Segments MSI HPX-Type3]
[   12.146886] acpi PNP0A03:00: _OSC: not requesting OS control; OS requires [ExtendedConfig ASPM ClockPM MSI]
[   12.151386] acpi PNP0A03:00: fail to add MMCONFIG information, can't access extended configuration space under this bridge
[   12.167883] PCI host bridge to bus 0000:00
[   12.168907] pci_bus 0000:00: root bus resource [io  0x0000-0x0cf7 window]
[   12.169362] pci_bus 0000:00: root bus resource [io  0x0d00-0xffff window]
[   12.170099] pci_bus 0000:00: root bus resource [mem 0x000a0000-0x000bffff window]
[   12.170580] pci_bus 0000:00: root bus resource [mem 0x80000000-0xfebfffff window]
[   12.170930] pci_bus 0000:00: root bus resource [mem 0x100000000-0x17fffffff window]
[   12.171759] pci_bus 0000:00: root bus resource [bus 00-ff]
[   12.177737] pci 0000:00:00.0: [8086:1237] type 00 class 0x060000
[   12.326737] pci 0000:00:01.0: [8086:7000] type 00 class 0x060100
[   12.340274] pci 0000:00:01.1: [8086:7010] type 00 class 0x010180
[   12.344742] pci 0000:00:01.1: reg 0x20: [io  0xc040-0xc04f]
[   12.346471] pci 0000:00:01.1: legacy IDE quirk: reg 0x10: [io  0x01f0-0x01f7]
[   12.347152] pci 0000:00:01.1: legacy IDE quirk: reg 0x14: [io  0x03f6]
[   12.347546] pci 0000:00:01.1: legacy IDE quirk: reg 0x18: [io  0x0170-0x0177]
[   12.348103] pci 0000:00:01.1: legacy IDE quirk: reg 0x1c: [io  0x0376]
[   12.353419] pci 0000:00:01.3: [8086:7113] type 00 class 0x068000
[   12.355334] pci 0000:00:01.3: quirk: [io  0x0600-0x063f] claimed by PIIX4 ACPI
[   12.355777] pci 0000:00:01.3: quirk: [io  0x0700-0x070f] claimed by PIIX4 SMB
[   12.360331] pci 0000:00:02.0: [1234:1111] type 00 class 0x030000
[   12.361497] pci 0000:00:02.0: reg 0x10: [mem 0xfd000000-0xfdffffff pref]
[   12.363425] pci 0000:00:02.0: reg 0x18: [mem 0xfebb0000-0xfebb0fff]
[   12.368078] pci 0000:00:02.0: reg 0x30: [mem 0xfeba0000-0xfebaffff pref]
[   12.370093] pci 0000:00:02.0: Video device with shadowed ROM at [mem 0x000c0000-0x000dffff]
[   12.506367] pci 0000:00:03.0: [8086:100e] type 00 class 0x020000
[   12.508075] pci 0000:00:03.0: reg 0x10: [mem 0xfeb80000-0xfeb9ffff]
[   12.509728] pci 0000:00:03.0: reg 0x14: [io  0xc000-0xc03f]
[   12.515554] pci 0000:00:03.0: reg 0x30: [mem 0xfeb00000-0xfeb7ffff pref]
[   12.720037] ACPI: PCI: Interrupt link LNKA configured for IRQ 10
[   12.737295] ACPI: PCI: Interrupt link LNKB configured for IRQ 10
[   12.753785] ACPI: PCI: Interrupt link LNKC configured for IRQ 11
[   12.770357] ACPI: PCI: Interrupt link LNKD configured for IRQ 11
[   12.777372] ACPI: PCI: Interrupt link LNKS configured for IRQ 9
[   12.806744] iommu: Default domain type: Translated 
[   12.807094] iommu: DMA domain TLB invalidation policy: lazy mode 
[   12.815670] SCSI subsystem initialized
[   12.825402] ACPI: bus type USB registered
[   12.828330] usbcore: registered new interface driver usbfs
[   12.830043] usbcore: registered new interface driver hub
[   12.831467] usbcore: registered new device driver usb
[   12.834964] pps_core: LinuxPPS API ver. 1 registered
[   12.835237] pps_core: Software ver. 5.3.6 - Copyright 2005-2007 Rodolfo Giometti <giometti@linux.it>
[   12.836221] PTP clock support registered
[   12.845120] Advanced Linux Sound Architecture Driver Initialized.
[   12.879748] NetLabel: Initializing
[   12.880049] NetLabel:  domain hash size = 128
[   12.880266] NetLabel:  protocols = UNLABELED CIPSOv4 CALIPSO
[   12.884098] NetLabel:  unlabeled traffic allowed by default
[   12.896795] PCI: Using ACPI for IRQ routing
[   12.903947] pci 0000:00:02.0: vgaarb: setting as boot VGA device
[   12.903998] pci 0000:00:02.0: vgaarb: bridge control possible
[   12.903998] pci 0000:00:02.0: vgaarb: VGA device added: decodes=io+mem,owns=io+mem,locks=none
[   12.904103] vgaarb: loaded
[   12.908891] hpet: 3 channels of 0 reserved for per-cpu timers
[   12.909855] hpet0: at MMIO 0xfed00000, IRQs 2, 8, 0
[   12.910568] hpet0: 3 comparators, 64-bit 100.000000 MHz counter
[   12.916750] clocksource: Switched to clocksource hpet
[   14.213649] VFS: Disk quotas dquot_6.6.0
[   14.214849] VFS: Dquot-cache hash table entries: 512 (order 0, 4096 bytes)
[   14.225636] pnp: PnP ACPI init
[   14.308797] pnp: PnP ACPI: found 6 devices
[   14.558610] clocksource: acpi_pm: mask: 0xffffff max_cycles: 0xffffff, max_idle_ns: 2085701024 ns
[   14.562206] NET: Registered PF_INET protocol family
[   14.567528] IP idents hash table entries: 32768 (order: 6, 262144 bytes, linear)
[   14.596904] tcp_listen_portaddr_hash hash table entries: 1024 (order: 2, 16384 bytes, linear)
[   14.597668] Table-perturb hash table entries: 65536 (order: 6, 262144 bytes, linear)
[   14.598425] TCP established hash table entries: 16384 (order: 5, 131072 bytes, linear)
[   14.599962] TCP bind hash table entries: 16384 (order: 7, 524288 bytes, linear)
[   14.601876] TCP: Hash tables configured (established 16384 bind 16384)
[   14.606330] UDP hash table entries: 1024 (order: 3, 32768 bytes, linear)
[   14.607351] UDP-Lite hash table entries: 1024 (order: 3, 32768 bytes, linear)
[   14.613063] NET: Registered PF_UNIX/PF_LOCAL protocol family
[   14.624629] RPC: Registered named UNIX socket transport module.
[   14.625006] RPC: Registered udp transport module.
[   14.625363] RPC: Registered tcp transport module.
[   14.625570] RPC: Registered tcp NFSv4.1 backchannel transport module.
[   14.647134] pci_bus 0000:00: resource 4 [io  0x0000-0x0cf7 window]
[   14.647542] pci_bus 0000:00: resource 5 [io  0x0d00-0xffff window]
[   14.647856] pci_bus 0000:00: resource 6 [mem 0x000a0000-0x000bffff window]
[   14.648298] pci_bus 0000:00: resource 7 [mem 0x80000000-0xfebfffff window]
[   14.648650] pci_bus 0000:00: resource 8 [mem 0x100000000-0x17fffffff window]
[   14.653889] pci 0000:00:01.0: PIIX3: Enabling Passive Release
[   14.654596] pci 0000:00:00.0: Limiting direct PCI/PCI transfers
[   14.655664] PCI: CLS 0 bytes, default 64
[   14.722407] Initialise system trusted keyrings
[   14.728622] workingset: timestamp_bits=56 max_order=19 bucket_order=0
[   14.747612] NFS: Registering the id_resolver key type
[   14.749263] Key type id_resolver registered
[   14.749557] Key type id_legacy registered
[   14.754441] 9p: Installing v9fs 9p2000 file system support
[   14.850627] Key type asymmetric registered
[   14.851158] Asymmetric key parser 'x509' registered
[   14.852808] Block layer SCSI generic (bsg) driver version 0.4 loaded (major 251)
[   14.854877] io scheduler mq-deadline registered
[   14.855408] io scheduler kyber registered
[   14.872374] input: Power Button as /devices/LNXSYSTM:00/LNXPWRBN:00/input/input0
[   14.885552] ACPI: button: Power Button [PWRF]
[   14.900693] Serial: 8250/16550 driver, 4 ports, IRQ sharing enabled
[   14.908735] 00:04: ttyS0 at I/O 0x3f8 (irq = 4, base_baud = 115200) is a 16550A
[   14.948013] Non-volatile memory driver v1.3
[   14.948518] Linux agpgart interface v0.103
[   14.956172] ACPI: bus type drm_connector registered
[   15.154736] loop: module loaded
[   15.217928] scsi host0: ata_piix
[   15.233682] scsi host1: ata_piix
[   15.239857] ata1: PATA max MWDMA2 cmd 0x1f0 ctl 0x3f6 bmdma 0xc040 irq 14
[   15.240466] ata2: PATA max MWDMA2 cmd 0x170 ctl 0x376 bmdma 0xc048 irq 15
[   15.269150] e100: Intel(R) PRO/100 Network Driver
[   15.269447] e100: Copyright(c) 1999-2006 Intel Corporation
[   15.270420] e1000: Intel(R) PRO/1000 Network Driver
[   15.270663] e1000: Copyright (c) 1999-2006 Intel Corporation.
[   15.403589] ata1: found unknown device (class 0)
[   15.412119] ata2: found unknown device (class 0)
[   15.418380] ata2.00: ATAPI: QEMU DVD-ROM, 2.5+, max UDMA/100
[   15.423190] ata1.00: ATA-7: QEMU HARDDISK, 2.5+, max UDMA/100
[   15.423914] ata1.00: 4194304 sectors, multi 16: LBA48 
[   15.457296] scsi 0:0:0:0: Direct-Access     ATA      QEMU HARDDISK    2.5+ PQ: 0 ANSI: 5
[   15.488822] sd 0:0:0:0: Attached scsi generic sg0 type 0
[   15.494644] sd 0:0:0:0: [sda] 4194304 512-byte logical blocks: (2.15 GB/2.00 GiB)
[   15.503848] scsi 1:0:0:0: CD-ROM            QEMU     QEMU DVD-ROM     2.5+ PQ: 0 ANSI: 5
[   15.510426] sd 0:0:0:0: [sda] Write Protect is off
[   15.514896] sd 0:0:0:0: [sda] Write cache: enabled, read cache: enabled, doesn't support DPO or FUA
[   15.519460] sd 0:0:0:0: [sda] Preferred minimum I/O size 512 bytes
[   15.543198] sr 1:0:0:0: [sr0] scsi3-mmc drive: 4x/4x cd/rw xa/form2 tray
[   15.544349] cdrom: Uniform CD-ROM driver Revision: 3.20
[   15.610285] sr 1:0:0:0: Attached scsi generic sg1 type 5
[   15.610287] sd 0:0:0:0: [sda] Attached SCSI disk
[   32.070208] ACPI: \_SB_.LNKC: Enabled at IRQ 11
[   32.381269] e1000 0000:00:03.0 eth0: (PCI:33MHz:32-bit) 52:54:00:12:34:56
[   32.382936] e1000 0000:00:03.0 eth0: Intel(R) PRO/1000 Network Connection
[   32.385440] e1000e: Intel(R) PRO/1000 Network Driver
[   32.385686] e1000e: Copyright(c) 1999 - 2015 Intel Corporation.
[   32.386890] sky2: driver version 1.30
[   32.401993] usbcore: registered new interface driver usblp
[   32.403539] usbcore: registered new interface driver usb-storage
[   32.407545] i8042: PNP: PS/2 Controller [PNP0303:KBD,PNP0f13:MOU] at 0x60,0x64 irq 1,12
[   32.416347] serio: i8042 KBD port at 0x60,0x64 irq 1
[   32.417445] serio: i8042 AUX port at 0x60,0x64 irq 12
[   32.430700] rtc_cmos 00:05: RTC can wake from S4
[   32.435980] input: AT Translated Set 2 keyboard as /devices/platform/i8042/serio0/input/input1
[   32.450541] rtc_cmos 00:05: registered as rtc0
[   32.454827] rtc_cmos 00:05: alarms up to one day, y3k, 242 bytes nvram, hpet irqs
[   32.457933] fail to initialize ptp_kvm
[   32.462425] device-mapper: ioctl: 4.47.0-ioctl (2022-07-28) initialised: dm-devel@redhat.com
[   32.465145] hid: raw HID events driver (C) Jiri Kosina
[   32.480566] usbcore: registered new interface driver usbhid
[   32.480859] usbhid: USB HID core driver
[   32.517321] Initializing XFRM netlink socket
[   32.520014] NET: Registered PF_INET6 protocol family
[   32.549881] Segment Routing with IPv6
[   32.551166] In-situ OAM (IOAM) with IPv6
[   32.555274] sit: IPv6, IPv4 and MPLS over IPv4 tunneling driver
[   32.573236] NET: Registered PF_PACKET protocol family
[   32.576487] 9pnet: Installing 9P2000 support
[   32.577939] Key type dns_resolver registered
[   32.589679] IPI shorthand broadcast: enabled
[   32.981421] registered taskstats version 1
[   32.981751] Loading compiled-in X.509 certificates
[   33.088422] input: ImExPS/2 Generic Explorer Mouse as /devices/platform/i8042/serio1/input/input3
[   33.322691] PM:   Magic number: 5:533:771
[   33.324896] printk: console [netcon0] enabled
[   33.325448] netconsole: network logging started
[   33.339806] cfg80211: Loading compiled-in X.509 certificates for regulatory database
[   33.390151] kworker/u4:1 (51) used greatest stack depth: 29056 bytes left
[   33.423709] cfg80211: Loaded X.509 cert 'sforshee: 00b28ddf47aef9cea7'
[   33.427385] Unstable clock detected, switching default tracing clock to "global"
[   33.427385] If you want to keep using the local clock, then add:
[   33.427385]   "trace_clock=local"
[   33.427385] on the kernel command line
[   33.430669] platform regulatory.0: Direct firmware load for regulatory.db failed with error -2
[   33.431263] ALSA device list:
[   33.431603]   No soundcards found.
[   33.431875] cfg80211: failed to load regulatory.db
[   33.448404] md: Waiting for all devices to be available before autodetect
[   33.449120] md: If you don't use raid, use raid=noautodetect
[   33.449488] md: Autodetecting RAID arrays.
[   33.449765] md: autorun ...
[   33.449965] md: ... autorun DONE.
[   33.519512] EXT4-fs (sda): INFO: recovery required on readonly filesystem
[   33.519979] EXT4-fs (sda): write access will be enabled during recovery
[   33.951407] EXT4-fs (sda): recovery complete
[   33.957994] EXT4-fs (sda): mounted filesystem 603ccc75-ba6e-4078-8976-cffb4edb4c5c with ordered data mode. Quota mode: none.
[   33.960371] VFS: Mounted root (ext4 filesystem) readonly on device 8:0.
[   33.967990] devtmpfs: mounted
[   34.103349] Freeing unused kernel image (initmem) memory: 7620K
[   34.104308] Write protecting the kernel read-only data: 59392k
[   34.112434] Freeing unused kernel image (rodata/data gap) memory: 300K
[   35.117260] x86/mm: Checked W+X mappings: passed, no W+X pages found.
[   35.118678] Run /sbin/init as init process
[   35.643723] random: crng init done
[   40.574137] SELinux:  Class mctp_socket not defined in policy.
[   40.574610] SELinux:  Class anon_inode not defined in policy.
[   40.574866] SELinux:  Class io_uring not defined in policy.
[   40.575239] SELinux:  Class user_namespace not defined in policy.
[   40.575566] SELinux: the above unknown classes and permissions will be allowed
[   40.916870] SELinux:  policy capability network_peer_controls=1
[   40.917472] SELinux:  policy capability open_perms=1
[   40.917711] SELinux:  policy capability extended_socket_class=1
[   40.917965] SELinux:  policy capability always_check_network=0
[   40.918380] SELinux:  policy capability cgroup_seclabel=1
[   40.918628] SELinux:  policy capability nnp_nosuid_transition=1
[   40.918873] SELinux:  policy capability genfs_seclabel_symlinks=0
[   40.919224] SELinux:  policy capability ioctl_skip_cloexec=0
[   41.231975] audit: type=1403 audit(1744181288.181:2): auid=4294967295 ses=4294967295 lsm=selinux res=1
[   41.306540] systemd[1]: Successfully loaded SELinux policy in 5.371023s.
[   42.172711] systemd[1]: Relabelled /dev, /dev/shm, /run, /sys/fs/cgroup in 241.430ms.
[   42.290877] systemd[1]: systemd 247.3-7+deb11u5 running in system mode. (+PAM +AUDIT +SELINUX +IMA +APPARMOR +SMACK +SYSVINIT +UTMP +LIBCRYPTSETUP +GCRYPT +GNUTLS +ACL +XZ +LZ4 +ZSTD +SECCOMP +BLKID +ELFUTILS +KMOD +IDN2 -IDN +PCRE2 default-hierarchy=unified)
[   42.300907] systemd[1]: Detected virtualization qemu.
[   42.302268] systemd[1]: Detected architecture x86-64.

Welcome to [1mDebian GNU/Linux 11 (bullseye)[0m!

[   42.328651] systemd[1]: Set hostname to <syzkaller>.
[   43.398243] selinuxenabled (62) used greatest stack depth: 26632 bytes left
[   44.901660] grep (66) used greatest stack depth: 26112 bytes left
[   46.403216] systemd-sysv-ge (70) used greatest stack depth: 25256 bytes left
[   48.070749] systemd[1]: Queued start job for default target Graphical Interface.
[   48.086692] systemd[1]: system-getty.slice: unit configures an IP firewall, but the local system does not support BPF/cgroup firewalling.
[   48.087707] systemd[1]: (This warning is only shown for the first unit using IP firewalling.)
[   48.154430] systemd[1]: Created slice system-getty.slice.
[[0;32m  OK  [0m] Created slice [0;1;39msystem-getty.slice[0m.
[   48.187292] systemd[1]: Created slice system-modprobe.slice.
[[0;32m  OK  [0m] Created slice [0;1;39msystem-modprobe.slice[0m.
[   48.210610] systemd[1]: Created slice system-serial\x2dgetty.slice.
[[0;32m  OK  [0m] Created slice [0;1;39msystem-serial\x2dgetty.slice[0m.
[   48.222979] systemd[1]: Started Dispatch Password Requests to Console Directory Watch.
[[0;32m  OK  [0m] Started [0;1;39mDispatch Password …ts to Console Directory Watch[0m.
[   48.233876] systemd[1]: Started Forward Password Requests to Wall Directory Watch.
[[0;32m  OK  [0m] Started [0;1;39mForward Password R…uests to Wall Directory Watch[0m.
[   48.263272] systemd[1]: Set up automount Arbitrary Executable File Formats File System Automount Point.
[[0;32m  OK  [0m] Set up automount [0;1;39mArbitrary…s File System Automount Point[0m.
[   48.268485] systemd[1]: Reached target Local Encrypted Volumes.
[[0;32m  OK  [0m] Reached target [0;1;39mLocal Encrypted Volumes[0m.
[   48.271768] systemd[1]: Reached target Paths.
[[0;32m  OK  [0m] Reached target [0;1;39mPaths[0m.
[   48.274864] systemd[1]: Reached target Remote File Systems.
[[0;32m  OK  [0m] Reached target [0;1;39mRemote File Systems[0m.
[   48.277934] systemd[1]: Reached target Slices.
[[0;32m  OK  [0m] Reached target [0;1;39mSlices[0m.
[   48.280820] systemd[1]: Reached target Swap.
[[0;32m  OK  [0m] Reached target [0;1;39mSwap[0m.
[   48.317892] systemd[1]: Listening on Syslog Socket.
[[0;32m  OK  [0m] Listening on [0;1;39mSyslog Socket[0m.
[   48.332146] systemd[1]: Listening on initctl Compatibility Named Pipe.
[[0;32m  OK  [0m] Listening on [0;1;39minitctl Compatibility Named Pipe[0m.
[   48.352900] audit: type=1400 audit(1744181295.300:3): avc:  denied  { audit_read } for  pid=1 comm="systemd" capability=37  scontext=system_u:system_r:kernel_t:s0 tcontext=system_u:system_r:kernel_t:s0 tclass=capability2 permissive=1
[   48.353740] systemd[1]: Listening on Journal Audit Socket.
[[0;32m  OK  [0m] Listening on [0;1;39mJournal Audit Socket[0m.
[   48.371781] systemd[1]: Listening on Journal Socket (/dev/log).
[[0;32m  OK  [0m] Listening on [0;1;39mJournal Socket (/dev/log)[0m.
[   48.393870] systemd[1]: Listening on Journal Socket.
[[0;32m  OK  [0m] Listening on [0;1;39mJournal Socket[0m.
[   48.425401] systemd[1]: Listening on udev Control Socket.
[[0;32m  OK  [0m] Listening on [0;1;39mudev Control Socket[0m.
[   48.439740] systemd[1]: Listening on udev Kernel Socket.
[[0;32m  OK  [0m] Listening on [0;1;39mudev Kernel Socket[0m.
[   48.444561] systemd[1]: Reached target Sockets.
[[0;32m  OK  [0m] Reached target [0;1;39mSockets[0m.
[   48.536687] systemd[1]: Mounting Huge Pages File System...
         Mounting [0;1;39mHuge Pages File System[0m...
[   48.625287] systemd[1]: Mounting POSIX Message Queue File System...
         Mounting [0;1;39mPOSIX Message Queue File System[0m...
[   48.787782] systemd[1]: Mounting /proc/sys/fs/binfmt_misc...
         Mounting [0;1;39m/proc/sys/fs/binfmt_misc[0m...
[   48.883384] systemd[1]: Mounting /sys/kernel/config...
         Mounting [0;1;39m/sys/kernel/config[0m...
[   49.039905] systemd[1]: Mounting /sys/kernel/debug...
         Mounting [0;1;39m/sys/kernel/debug[0m...
[   49.228000] systemd[1]: Mounting Kernel Trace File System...
         Mounting [0;1;39mKernel Trace File System[0m...
[   49.239973] systemd[1]: Condition check resulted in Create list of static device nodes for the current kernel being skipped.
[   49.417796] systemd[1]: Starting Load Kernel Module fuse...
         Starting [0;1;39mLoad Kernel Module fuse[0m...
[   49.570575] systemd[1]: Starting Journal Service...
         Starting [0;1;39mJournal Service[0m...
[   49.761855] systemd[1]: Starting Load Kernel Modules...
         Starting [0;1;39mLoad Kernel Modules[0m...
[   49.864491] systemd[1]: Starting Remount Root and Kernel File Systems...
         Starting [0;1;39mRemount Root and Kernel File Systems[0m...
[   50.017578] systemd[1]: Starting Coldplug All udev Devices...
         Starting [0;1;39mColdplug All udev Devices[0m...
[   50.269476] systemd[1]: Mounted Huge Pages File System.
[[0;32m  OK  [0m] Mounted [0;1;39mHuge Pages File System[0m.
[   50.300272] systemd[1]: Mounted POSIX Message Queue File System.
[[0;32m  OK  [0m] Mounted [0;1;39mPOSIX Message Queue File System[0m.
[   50.334069] systemd[1]: Mounted /proc/sys/fs/binfmt_misc.
[[0;32m  OK  [0m] Mounted [0;1;39m/proc/sys/fs/binfmt_misc[0m.
[   50.357791] systemd[1]: Mounted /sys/kernel/config.
[[0;32m  OK  [0m] Mounted [0;1;39m/sys/kernel/config[0m.
[   50.382531] systemd[1]: Mounted /sys/kernel/debug.
[[0;32m  OK  [0m] Mounted [0;1;39m/sys/kernel/debug[0m.
[   50.412854] systemd[1]: Mounted Kernel Trace File System.
[[0;32m  OK  [0m] Mounted [0;1;39mKernel Trace File System[0m.
[   50.483822] systemd[1]: modprobe@fuse.service: Succeeded.
[   50.547961] systemd[1]: Finished Load Kernel Module fuse.
[[0;32m  OK  [0m] Finished [0;1;39mLoad Kernel Module fuse[0m.
[   50.637965] systemd[1]: Condition check resulted in FUSE Control File System being skipped.
[   50.662623] systemd[1]: Condition check resulted in Set Up Additional Binary Formats being skipped.
[   50.928857] systemd[1]: Finished Load Kernel Modules.
[[0;32m  OK  [0m] Finished [0;1;39mLoad Kernel Modules[0m.
[   51.156901] systemd[1]: Starting Apply Kernel Variables...
         Starting [0;1;39mApply Kernel Variables[0m...
[   51.586259] EXT4-fs (sda): re-mounted 603ccc75-ba6e-4078-8976-cffb4edb4c5c. Quota mode: none.
[   51.756818] systemd[1]: Finished Remount Root and Kernel File Systems.
[[0;32m  OK  [0m] Finished [0;1;39mRemount Root and Kernel File Systems[0m.
[   51.807722] systemd[1]: Condition check resulted in Rebuild Hardware Database being skipped.
[   51.809552] systemd[1]: Condition check resulted in Platform Persistent Storage Archival being skipped.
[   51.974626] systemd[1]: Starting Load/Save Random Seed...
         Starting [0;1;39mLoad/Save Random Seed[0m...
[   52.219380] systemd[1]: Starting Create System Users...
         Starting [0;1;39mCreate System Users[0m...
[   52.444773] systemd[1]: Finished Apply Kernel Variables.
[[0;32m  OK  [0m] Finished [0;1;39mApply Kernel Variables[0m.
[   53.265221] systemd-random- (89) used greatest stack depth: 24928 bytes left
[   53.335550] systemd[1]: Finished Load/Save Random Seed.
[[0;32m  OK  [0m] Finished [0;1;39mLoad/Save Random Seed[0m.
[   53.362219] systemd[1]: Condition check resulted in First Boot Complete being skipped.
[   53.728939] systemd[1]: Started Journal Service.
[[0;32m  OK  [0m] Started [0;1;39mJournal Service[0m.
         Starting [0;1;39mFlush Journal to Persistent Storage[0m...
[[0;32m  OK  [0m] Finished [0;1;39mCreate System Users[0m.
         Starting [0;1;39mCreate Static Device Nodes in /dev[0m...
[   54.655806] systemd-journald[80]: Received client request to flush runtime journal.
[   54.725885] systemd-journald[80]: File /var/log/journal/0c16084a2a45476d8d58c80e492b8730/system.journal corrupted or uncleanly shut down, renaming and replacing.
[[0;32m  OK  [0m] Finished [0;1;39mFlush Journal to Persistent Storage[0m.
[[0;32m  OK  [0m] Finished [0;1;39mCreate Static Device Nodes in /dev[0m.
[[0;32m  OK  [0m] Reached target [0;1;39mLocal File Systems (Pre)[0m.
[[0;32m  OK  [0m] Reached target [0;1;39mLocal File Systems[0m.
         Starting [0;1;39mCreate Volatile Files and Directories[0m...
         Starting [0;1;39mRule-based Manage…for Device Events and Files[0m...
[[0;32m  OK  [0m] Started [0;1;39mRule-based Manager for Device Events and Files[0m.
[[0;32m  OK  [0m] Finished [0;1;39mCreate Volatile Files and Directories[0m.
         Starting [0;1;39mUpdate UTMP about System Boot/Shutdown[0m...
[[0;32m  OK  [0m] Finished [0;1;39mUpdate UTMP about System Boot/Shutdown[0m.
[[0m[0;31m*     [0m] (1 of 2) A start job is running for… All udev Devices (15s / no limit)
M[K[[0;32m  OK  [0m] Found device [0;1;39m/dev/ttyS0[0m.
[K[[0;32m  OK  [0m] Finished [0;1;39mColdplug All udev Devices[0m.
[[0;32m  OK  [0m] Reached target [0;1;39mSystem Initialization[0m.
[[0;32m  OK  [0m] Started [0;1;39mDaily apt download activities[0m.
[[0;32m  OK  [0m] Started [0;1;39mDaily apt upgrade and clean activities[0m.
[[0;32m  OK  [0m] Started [0;1;39mPeriodic ext4 Onli…ata Check for All Filesystems[0m.
[[0;32m  OK  [0m] Started [0;1;39mDiscard unused blocks once a week[0m.
[[0;32m  OK  [0m] Started [0;1;39mDaily rotation of log files[0m.
[[0;32m  OK  [0m] Started [0;1;39mDaily Cleanup of Temporary Directories[0m.
[[0;32m  OK  [0m] Reached target [0;1;39mBasic System[0m.
[[0;32m  OK  [0m] Reached target [0;1;39mTimers[0m.
[[0;32m  OK  [0m] Listening on [0;1;39mLoad/Save RF …itch Status /dev/rfkill Watch[0m.
[[0;32m  OK  [0m] Started [0;1;39mRegular background program processing daemon[0m.
         Starting [0;1;39mRemove Stale Onli…t4 Metadata Check Snapshots[0m...
         Starting [0;1;39mgetty on tty2-tty…nd logind are not available[0m...
         Starting [0;1;39mHelper to synchronize boot up for ifupdown[0m...
         Starting [0;1;39mSystem Logging Service[0m...
[   68.477975] audit: type=1107 audit(1744181315.425:4): pid=1 uid=0 auid=4294967295 ses=4294967295 subj=system_u:system_r:kernel_t:s0 msg='avc:  denied  { start } for auid=n/a uid=0 gid=0 path="/lib/systemd/system/getty@.service" cmdline="" scontext=system_u:system_r:kernel_t:s0 tcontext=system_u:object_r:unlabeled_t:s0 tclass=service permissive=1
[   68.477975]  exe="/usr/lib/systemd/systemd" sauid=0 hostname=? addr=? terminal=?'
[   68.503838] audit: type=1107 audit(1744181315.453:5): pid=1 uid=0 auid=4294967295 ses=4294967295 subj=system_u:system_r:kernel_t:s0 msg='avc:  denied  { status } for auid=n/a uid=0 gid=0 path="/lib/systemd/system/getty@.service" cmdline="" scontext=system_u:system_r:kernel_t:s0 tcontext=system_u:object_r:unlabeled_t:s0 tclass=service permissive=1
[   68.503838]  exe="/usr/lib/systemd/systemd" sauid=0 hostname=? addr=? terminal=?'
         Starting [0;1;39mRotate log files[0m...
[[0;32m  OK  [0m] Started [0;1;39mSystem Logging Service[0m.
[[0;32m  OK  [0m] Finished [0;1;39mHelper to synchronize boot up for ifupdown[0m.
         Starting [0;1;39mRaise network interfaces[0m...
[[0;32m  OK  [0m] Finished [0;1;39mgetty on tty2-tty… and logind are not available[0m.
[[0;1;31m*[0m[0;31m*    [0m] (1 of 3) A start job is running for…a Check Snapshots (23s / no limit)
[   71.468556] e1000: eth0 NIC Link is Up 1000 Mbps Full Duplex, Flow Control: RX
[   71.479413] IPv6: ADDRCONF(NETDEV_CHANGE): eth0: link becomes ready
M[K[[0;31m*[0;1;31m*[0m[0;31m*   [0m] (1 of 3) A start job is running for…a Check Snapshots (23s / no limit)
M[K[[0;32m  OK  [0m] Finished [0;1;39mRotate log files[0m.
[K[[0;32m  OK  [0m] Finished [0;1;39mRemove Stale Onli…ext4 Metadata Check Snapshots[0m.
[[0;32m  OK  [0m] Finished [0;1;39mRaise network interfaces[0m.
[[0;32m  OK  [0m] Reached target [0;1;39mNetwork[0m.
         Starting [0;1;39mOpenBSD Secure Shell server[0m...
         Starting [0;1;39mPermit User Sessions[0m...
[[0;32m  OK  [0m] Finished [0;1;39mPermit User Sessions[0m.
[[0;32m  OK  [0m] Started [0;1;39mGetty on tty1[0m.
[[0;32m  OK  [0m] Started [0;1;39mGetty on tty2[0m.
[[0;32m  OK  [0m] Started [0;1;39mGetty on tty3[0m.
[[0;32m  OK  [0m] Started [0;1;39mGetty on tty4[0m.
[[0;32m  OK  [0m] Started [0;1;39mGetty on tty5[0m.
[[0;32m  OK  [0m] Started [0;1;39mGetty on tty6[0m.
[[0;32m  OK  [0m] Started [0;1;39mSerial Getty on ttyS0[0m.
[[0;32m  OK  [0m] Reached target [0;1;39mLogin Prompts[0m.
[[0;32m  OK  [0m] Started [0;1;39mOpenBSD Secure Shell server[0m.
[[0;32m  OK  [0m] Reached target [0;1;39mMulti-User System[0m.
[[0;32m  OK  [0m] Reached target [0;1;39mGraphical Interface[0m.
         Starting [0;1;39mUpdate UTMP about System Runlevel Changes[0m...
[[0;32m  OK  [0m] Finished [0;1;39mUpdate UTMP about System Runlevel Changes[0m.

Debian GNU/Linux 11 syzkaller ttyS0

syzkaller login: root
Password: 

Login incorrect
syzkaller login: syzkaller
Password: 
Debian GNU/Linux 11 syzkaller ttyS0

syzkaller login: qemu-system-x86_64: terminating on signal 1 from pid 1973636 (sudo)
